android/app/build/outputs/mapping/release/seeds.txt
com.example.my_app.MainActivity
com.example.my_app.MainActivity: MainActivity()
...
com.google.firestore.v1.ExistenceFilter: int COUNT_FIELD_NUMBER
com.google.protobuf.GeneratedMessageLite: com.google.protobuf.UnknownFieldSetLite unknownFields
com.google.firestore.v1.StructuredAggregationQuery$Aggregation$Sum: com.google.firestore.v1.StructuredQuery$FieldReference field_
com.google.firestore.admin.v1.Index: int FIELDS_FIELD_NUMBER
com.google.android.gms.common.internal.zav: android.os.Parcelable$Creator CREATOR
com.google.firestore.v1.DocumentChange: int bitField0_
com.google.firestore.v1.Document: int bitField0_
com.dexterous.flutterlocalnotifications.models.NotificationAction: java.lang.String TITLE_COLOR_ALPHA
com.google.firestore.bundle.BundledQuery: int PARENT_FIELD_NUMBER
com.google.protobuf.Int64Value: long value_
com.google.firestore.v1.StructuredQuery$Filter: int FIELD_FILTER_FIELD_NUMBER
com.google.firestore.v1.Write: int UPDATE_MASK_FIELD_NUMBER
com.dexterous.flutterlocalnotifications.models.IconSource: com.dexterous.flutterlocalnotifications.models.IconSource ByteArray
com.google.firestore.v1.ListenRequest: com.google.firestore.v1.ListenRequest DEFAULT_INSTANCE
com.dexterous.flutterlocalnotifications.FlutterLocalNotificationsPlugin: java.lang.String PERIODICALLY_SHOW_METHOD
com.dexterous.flutterlocalnotifications.models.NotificationChannelDetails: java.lang.String sound
com.google.firestore.v1.MapValue: com.google.firestore.v1.MapValue DEFAULT_INSTANCE
com.dexterous.flutterlocalnotifications.FlutterLocalNotificationsPlugin: java.lang.String DELETE_NOTIFICATION_CHANNEL_GROUP_METHOD
com.google.protobuf.GeneratedMessageLite: java.util.Map defaultInstanceMap
com.dexterous.flutterlocalnotifications.models.styles.InboxStyleInformation: java.lang.Boolean htmlFormatLines
io.flutter.embedding.engine.renderer.FlutterRenderer$ImageReaderSurfaceProducer: java.util.ArrayDeque imageReaderQueue
com.dexterous.flutterlocalnotifications.models.DateTimeComponents: com.dexterous.flutterlocalnotifications.models.DateTimeComponents Time
com.google.type.LatLng: com.google.type.LatLng DEFAULT_INSTANCE
androidx.fragment.app.FragmentManager$LaunchedFragmentInfo: android.os.Parcelable$Creator CREATOR
com.dexterous.flutterlocalnotifications.models.NotificationDetails: java.lang.String CHANNEL_NAME
kotlinx.coroutines.channels.BufferedChannel: java.lang.Object receiveSegment
com.google.protobuf.Any: com.google.protobuf.Any DEFAULT_INSTANCE
com.google.firestore.v1.StructuredQuery: com.google.protobuf.Internal$ProtobufList from_
com.dexterous.flutterlocalnotifications.models.NotificationDetails: java.lang.String LED_COLOR_ALPHA
com.google.firestore.admin.v1.Index: com.google.protobuf.Internal$ProtobufList fields_
com.google.firestore.v1.BitSequence: com.google.firestore.v1.BitSequence DEFAULT_INSTANCE
com.google.firestore.v1.StructuredAggregationQuery: com.google.protobuf.Internal$ProtobufList aggregations_
com.google.firestore.v1.Write: int DELETE_FIELD_NUMBER
com.google.firestore.v1.CommitRequest: java.lang.String database_
androidx.fragment.app.BackStackRecordState: android.os.Parcelable$Creator CREATOR
com.dexterous.flutterlocalnotifications.models.ScheduledNotificationRepeatFrequency: com.dexterous.flutterlocalnotifications.models.ScheduledNotificationRepeatFrequency[] $VALUES
com.dexterous.flutterlocalnotifications.models.NotificationAction: java.lang.String ICON_SOURCE
com.google.firestore.v1.WriteResult: int bitField0_
com.google.firestore.v1.BatchGetDocumentsRequest: int TRANSACTION_FIELD_NUMBER
com.dexterous.flutterlocalnotifications.models.ScheduleMode: com.dexterous.flutterlocalnotifications.models.ScheduleMode exactAllowWhileIdle
com.google.firestore.v1.BatchGetDocumentsRequest: int bitField0_
com.dexterous.flutterlocalnotifications.ScheduledNotificationReceiver: java.lang.String TAG
com.dexterous.flutterlocalnotifications.models.styles.MessagingStyleInformation: java.lang.Boolean groupConversation
com.google.firestore.v1.TargetChange: com.google.protobuf.Internal$IntList targetIds_