android/app/build/outputs/mapping/release/usage.txt
com.example.my_app.R$drawable
com.example.my_app.R$mipmap
com.example.my_app.R$style
com.example.my_app.R
com.example.my_app.MainActivity:
    private static void $r8$constructor$io$flutter$embedding$android$FlutterActivity()
    public final synthetic bridge boolean attachToEngineAutomatically()
    public static boolean attachToEngineAutomatically$io$flutter$embedding$android$FlutterActivity()
    public static void cancelBackGesture()
    public static void cancelBackGesture$io$flutter$embedding$android$FlutterActivity()
    public final synthetic bridge void cleanUpFlutterEngine()
    public static void cleanUpFlutterEngine$io$flutter$embedding$android$FlutterActivity()
    public static void commitBackGesture()
    public static void commitBackGesture$io$flutter$embedding$android$FlutterActivity()
    public final void configureFlutterEngine()
    public static void configureFlutterEngine$io$flutter$embedding$android$FlutterActivity()
    public static void configureStatusBarForFullscreenFlutterExperience()
    public static void configureStatusBarForFullscreenFlutterExperience$io$flutter$embedding$android$FlutterActivity()
    public static void configureWindowForTransparency()
    public static void configureWindowForTransparency$io$flutter$embedding$android$FlutterActivity()
    public static android.view.View createFlutterView()
    public static android.view.View createFlutterView$io$flutter$embedding$android$FlutterActivity()
    public static android.window.OnBackInvokedCallback createOnBackInvokedCallback()
...
io.flutter.embedding.engine.systemchannels.PlatformChannel:
    private static final java.lang.String TAG
io.flutter.embedding.engine.systemchannels.PlatformViewsChannel$PlatformViewCreationRequest:
    public void <init>(int,java.lang.String,double,double,double,double,int,java.nio.ByteBuffer)
io.flutter.embedding.engine.systemchannels.PlatformViewsChannel$PlatformViewsHandler:
    public static final long NON_TEXTURE_FALLBACK
io.flutter.embedding.engine.systemchannels.PlatformViewsChannel:
    private static final java.lang.String TAG
io.flutter.embedding.engine.systemchannels.ProcessTextChannel:
    private static final java.lang.String CHANNEL_NAME
    private static final java.lang.String METHOD_PROCESS_TEXT_ACTION
    private static final java.lang.String METHOD_QUERY_TEXT_ACTIONS
    private static final java.lang.String TAG
io.flutter.embedding.engine.systemchannels.RestorationChannel:
    private static final java.lang.String TAG
io.flutter.embedding.engine.systemchannels.SettingsChannel:
    private static final java.lang.String ALWAYS_USE_24_HOUR_FORMAT
    private static final java.lang.String BRIEFLY_SHOW_PASSWORD
    public static final java.lang.String CHANNEL_NAME
    private static final java.lang.String CONFIGURATION_ID
    private static final java.lang.String NATIVE_SPELL_CHECK_SERVICE_DEFINED
    private static final java.lang.String PLATFORM_BRIGHTNESS
    private static final java.lang.String TAG
    private static final java.lang.String TEXT_SCALE_FACTOR
io.flutter.embedding.engine.systemchannels.SpellCheckChannel:
    private static final java.lang.String TAG
io.flutter.embedding.engine.systemchannels.SystemChannel:
    private static final java.lang.String TAG
io.flutter.embedding.engine.systemchannels.TextInputChannel:
    private static final java.lang.String TAG
io.flutter.plugin.common.ActivityLifecycleListener
io.flutter.plugin.common.BasicMessageChannel:
    public static final java.lang.String CHANNEL_BUFFERS_CHANNEL
    private static final java.lang.String TAG
    private static java.nio.ByteBuffer packetFromEncodedMessage(java.nio.ByteBuffer)
    public void resizeChannelBuffer(int)
    public static void resizeChannelBuffer(io.flutter.plugin.common.BinaryMessenger,java.lang.String,int)
    public static void setWarnsOnChannelOverflow(io.flutter.plugin.common.BinaryMessenger,java.lang.String,boolean)
    public void setWarnsOnChannelOverflow(boolean)
io.flutter.plugin.common.BinaryCodec
io.flutter.plugin.common.BinaryMessenger$TaskQueueOptions:
    public io.flutter.plugin.common.BinaryMessenger$TaskQueueOptions setIsSerial(boolean)
io.flutter.plugin.common.BinaryMessenger:
    public void disableBufferingIncomingMessages()
    public void enableBufferingIncomingMessages()
io.flutter.plugin.common.ErrorLogResult
io.flutter.plugin.common.EventChannel:
    private static final java.lang.String TAG
io.flutter.plugin.common.FlutterException:
    private static final java.lang.String TAG
io.flutter.plugin.common.JSONUtil:
    private void <init>()
    public static java.lang.Object unwrap(java.lang.Object)
io.flutter.plugin.common.MethodChannel:
    private static final java.lang.String TAG
    public void resizeChannelBuffer(int)
    public void setWarnsOnChannelOverflow(boolean)
io.flutter.plugin.common.PluginRegistry$PluginRegistrantCallback
io.flutter.plugin.common.PluginRegistry$Registrar
io.flutter.plugin.common.PluginRegistry$ViewDestroyListener
io.flutter.plugin.common.PluginRegistry$WindowFocusChangedListener
io.flutter.plugin.common.PluginRegistry